TN:
SF:middlewares\auth.js
FN:16,(anonymous_0)
FN:93,(anonymous_1)
FN:94,(anonymous_2)
FN:116,(anonymous_3)
FN:134,(anonymous_4)
FNF:5
FNH:4
FNDA:8,(anonymous_0)
FNDA:5,(anonymous_1)
FNDA:5,(anonymous_2)
FNDA:1,(anonymous_3)
FNDA:0,(anonymous_4)
DA:6,1
DA:7,1
DA:10,1
DA:16,1
DA:17,8
DA:19,8
DA:21,8
DA:22,1
DA:28,7
DA:31,7
DA:32,0
DA:39,7
DA:42,4
DA:44,3
DA:45,1
DA:51,2
DA:52,1
DA:59,1
DA:60,1
DA:63,1
DA:65,1
DA:67,4
DA:68,1
DA:74,3
DA:75,1
DA:81,2
DA:82,2
DA:93,1
DA:94,5
DA:95,5
DA:96,1
DA:102,4
DA:103,1
DA:109,3
DA:116,1
DA:117,1
DA:119,1
DA:120,1
DA:124,0
DA:125,0
DA:134,1
DA:135,0
DA:136,0
DA:138,0
DA:139,0
DA:140,0
DA:141,0
DA:143,0
DA:144,0
DA:145,0
DA:146,0
DA:150,0
DA:153,0
DA:157,1
LF:54
LH:39
BRDA:21,0,0,1
BRDA:21,0,1,7
BRDA:21,1,0,8
BRDA:21,1,1,7
BRDA:31,2,0,0
BRDA:31,2,1,7
BRDA:44,3,0,1
BRDA:44,3,1,2
BRDA:51,4,0,1
BRDA:51,4,1,1
BRDA:67,5,0,1
BRDA:67,5,1,3
BRDA:74,6,0,1
BRDA:74,6,1,2
BRDA:95,7,0,1
BRDA:95,7,1,4
BRDA:102,8,0,1
BRDA:102,8,1,3
BRDA:119,9,0,1
BRDA:119,9,1,0
BRDA:119,10,0,1
BRDA:119,10,1,1
BRDA:124,11,0,0
BRDA:124,11,1,0
BRDA:138,12,0,0
BRDA:138,12,1,0
BRDA:138,13,0,0
BRDA:138,13,1,0
BRDA:143,14,0,0
BRDA:143,14,1,0
BRDA:143,15,0,0
BRDA:143,15,1,0
BRF:32
BRH:20
end_of_record
TN:
SF:middlewares\security.js
FN:14,(anonymous_0)
FN:42,(anonymous_1)
FN:67,(anonymous_2)
FNF:3
FNH:3
FNDA:3,(anonymous_0)
FNDA:3,(anonymous_1)
FNDA:1,(anonymous_2)
DA:6,1
DA:7,1
DA:13,1
DA:16,3
DA:24,3
DA:25,2
DA:27,1
DA:42,1
DA:44,3
DA:64,3
DA:67,3
DA:68,1
DA:69,1
DA:70,1
DA:71,1
DA:72,1
DA:73,1
DA:80,1
DA:82,1
DA:93,1
DA:104,1
LF:21
LH:21
BRDA:24,0,0,2
BRDA:24,0,1,1
BRDA:24,1,0,3
BRDA:24,1,1,2
BRF:4
BRH:4
end_of_record
