TN:
SF:controllers\reservaController.js
FN:15,formatarMoeda
FN:29,(anonymous_1)
FN:75,(anonymous_2)
FN:114,(anonymous_3)
FN:190,(anonymous_4)
FN:215,(anonymous_5)
FN:253,(anonymous_6)
FN:314,(anonymous_7)
FN:362,(anonymous_8)
FN:531,(anonymous_9)
FN:544,(anonymous_10)
FN:595,(anonymous_11)
FN:613,(anonymous_12)
FNF:13
FNH:0
FNDA:0,formatarMoeda
FNDA:0,(anonymous_1)
FNDA:0,(anonymous_2)
FNDA:0,(anonymous_3)
FNDA:0,(anonymous_4)
FNDA:0,(anonymous_5)
FNDA:0,(anonymous_6)
FNDA:0,(anonymous_7)
FNDA:0,(anonymous_8)
FNDA:0,(anonymous_9)
FNDA:0,(anonymous_10)
FNDA:0,(anonymous_11)
FNDA:0,(anonymous_12)
DA:2,1
DA:5,1
DA:16,0
DA:37,0
DA:39,0
DA:40,0
DA:41,0
DA:42,0
DA:43,0
DA:46,0
DA:47,0
DA:49,0
DA:50,0
DA:52,0
DA:53,0
DA:59,0
DA:61,0
DA:62,0
DA:64,0
DA:70,0
DA:71,0
DA:72,0
DA:75,0
DA:76,0
DA:77,0
DA:78,0
DA:85,0
DA:88,0
DA:89,0
DA:90,0
DA:95,0
DA:99,0
DA:102,0
DA:103,0
DA:104,0
DA:105,0
DA:106,0
DA:109,0
DA:113,0
DA:114,0
DA:117,0
DA:118,0
DA:119,0
DA:121,0
DA:122,0
DA:123,0
DA:124,0
DA:125,0
DA:126,0
DA:133,0
DA:134,0
DA:135,0
DA:137,0
DA:139,0
DA:157,0
DA:159,0
DA:160,0
DA:166,0
DA:167,0
DA:174,0
DA:179,0
DA:181,0
DA:183,0
DA:190,0
DA:200,0
DA:201,0
DA:202,0
DA:208,0
DA:216,0
DA:217,0
DA:218,0
DA:228,0
DA:229,0
DA:232,0
DA:234,0
DA:239,0
DA:245,0
DA:246,0
DA:254,0
DA:255,0
DA:257,0
DA:259,0
DA:284,0
DA:286,0
DA:287,0
DA:293,0
DA:296,0
DA:302,0
DA:303,0
DA:315,0
DA:316,0
DA:318,0
DA:319,0
DA:322,0
DA:327,0
DA:328,0
DA:331,0
DA:334,0
DA:340,0
DA:345,0
DA:347,0
DA:354,0
DA:355,0
DA:363,0
DA:364,0
DA:366,0
DA:367,0
DA:370,0
DA:378,0
DA:379,0
DA:385,0
DA:388,0
DA:389,0
DA:392,0
DA:399,0
DA:400,0
DA:406,0
DA:408,0
DA:409,0
DA:416,0
DA:417,0
DA:418,0
DA:421,0
DA:424,0
DA:432,0
DA:440,0
DA:442,0
DA:451,0
DA:453,0
DA:454,0
DA:456,0
DA:469,0
DA:470,0
DA:473,0
DA:484,0
DA:485,0
DA:492,0
DA:493,0
DA:495,0
DA:496,0
DA:497,0
DA:500,0
DA:510,0
DA:511,0
DA:513,0
DA:525,0
DA:531,0
DA:532,0
DA:533,0
DA:545,0
DA:547,0
DA:548,0
DA:550,0
DA:564,0
DA:565,0
DA:568,0
DA:570,0
DA:576,0
DA:578,0
DA:580,0
DA:587,0
DA:588,0
DA:596,0
DA:597,0
DA:598,0
DA:599,0
DA:600,0
DA:601,0
DA:602,0
DA:603,0
DA:605,0
DA:606,0
DA:614,0
DA:615,0
DA:616,0
DA:617,0
DA:625,0
DA:626,0
DA:629,0
DA:631,0
DA:632,0
DA:637,1
LF:182
LH:3
BRDA:40,0,0,0
BRDA:40,0,1,0
BRDA:40,1,0,0
BRDA:40,1,1,0
BRDA:42,2,0,0
BRDA:42,2,1,0
BRDA:42,3,0,0
BRDA:42,3,1,0
BRDA:43,4,0,0
BRDA:43,4,1,0
BRDA:46,5,0,0
BRDA:46,5,1,0
BRDA:47,6,0,0
BRDA:47,6,1,0
BRDA:52,7,0,0
BRDA:52,7,1,0
BRDA:52,8,0,0
BRDA:52,8,1,0
BRDA:52,8,2,0
BRDA:70,9,0,0
BRDA:70,9,1,0
BRDA:76,10,0,0
BRDA:76,10,1,0
BRDA:88,11,0,0
BRDA:88,11,1,0
BRDA:104,12,0,0
BRDA:104,12,1,0
BRDA:117,13,0,0
BRDA:117,13,1,0
BRDA:123,14,0,0
BRDA:123,14,1,0
BRDA:124,15,0,0
BRDA:124,15,1,0
BRDA:150,16,0,0
BRDA:150,16,1,0
BRDA:150,16,2,0
BRDA:151,17,0,0
BRDA:151,17,1,0
BRDA:151,17,2,0
BRDA:154,18,0,0
BRDA:154,18,1,0
BRDA:205,19,0,0
BRDA:205,19,1,0
BRDA:228,20,0,0
BRDA:228,20,1,0
BRDA:306,21,0,0
BRDA:306,21,1,0
BRDA:327,22,0,0
BRDA:327,22,1,0
BRDA:336,23,0,0
BRDA:336,23,1,0
BRDA:378,24,0,0
BRDA:378,24,1,0
BRDA:388,25,0,0
BRDA:388,25,1,0
BRDA:388,26,0,0
BRDA:388,26,1,0
BRDA:399,27,0,0
BRDA:399,27,1,0
BRDA:408,28,0,0
BRDA:408,28,1,0
BRDA:440,29,0,0
BRDA:440,29,1,0
BRDA:469,30,0,0
BRDA:469,30,1,0
BRDA:469,31,0,0
BRDA:469,31,1,0
BRDA:484,32,0,0
BRDA:484,32,1,0
BRDA:564,33,0,0
BRDA:564,33,1,0
BRDA:600,34,0,0
BRDA:600,34,1,0
BRDA:623,35,0,0
BRDA:623,35,1,0
BRDA:625,36,0,0
BRDA:625,36,1,0
BRF:77
BRH:0
end_of_record
TN:
SF:controllers\twoFactorController.js
FN:6,(anonymous_0)
FN:44,(anonymous_1)
FN:88,(anonymous_2)
FN:148,(anonymous_3)
FN:187,(anonymous_4)
FN:226,(anonymous_5)
FNF:6
FNH:0
FNDA:0,(anonymous_0)
FNDA:0,(anonymous_1)
FNDA:0,(anonymous_2)
FNDA:0,(anonymous_3)
FNDA:0,(anonymous_4)
FNDA:0,(anonymous_5)
DA:1,1
DA:2,1
DA:3,1
DA:7,0
DA:8,0
DA:9,0
DA:11,0
DA:12,0
DA:13,0
DA:19,0
DA:20,0
DA:21,0
DA:23,0
DA:25,0
DA:27,0
DA:36,0
DA:37,0
DA:45,0
DA:46,0
DA:47,0
DA:49,0
DA:50,0
DA:56,0
DA:57,0
DA:58,0
DA:64,0
DA:66,0
DA:67,0
DA:73,0
DA:75,0
DA:80,0
DA:81,0
DA:89,0
DA:90,0
DA:91,0
DA:93,0
DA:94,0
DA:100,0
DA:102,0
DA:103,0
DA:110,0
DA:112,0
DA:113,0
DA:114,0
DA:115,0
DA:116,0
DA:118,0
DA:119,0
DA:120,0
DA:121,0
DA:122,0
DA:126,0
DA:127,0
DA:134,0
DA:140,0
DA:141,0
DA:149,0
DA:150,0
DA:151,0
DA:153,0
DA:155,0
DA:156,0
DA:157,0
DA:163,0
DA:164,0
DA:165,0
DA:172,0
DA:174,0
DA:179,0
DA:180,0
DA:188,0
DA:189,0
DA:190,0
DA:192,0
DA:194,0
DA:195,0
DA:201,0
DA:202,0
DA:203,0
DA:209,0
DA:210,0
DA:211,0
DA:213,0
DA:218,0
DA:219,0
DA:227,0
DA:228,0
DA:229,0
DA:231,0
DA:238,0
DA:239,0
DA:247,1
LF:92
LH:4
BRDA:12,0,0,0
BRDA:12,0,1,0
BRDA:49,1,0,0
BRDA:49,1,1,0
BRDA:57,2,0,0
BRDA:57,2,1,0
BRDA:57,3,0,0
BRDA:57,3,1,0
BRDA:66,4,0,0
BRDA:66,4,1,0
BRDA:90,5,0,0
BRDA:90,5,1,0
BRDA:93,6,0,0
BRDA:93,6,1,0
BRDA:102,7,0,0
BRDA:102,7,1,0
BRDA:112,8,0,0
BRDA:112,8,1,0
BRDA:114,9,0,0
BRDA:114,9,1,0
BRDA:118,10,0,0
BRDA:118,10,1,0
BRDA:126,11,0,0
BRDA:126,11,1,0
BRDA:155,12,0,0
BRDA:155,12,1,0
BRDA:156,13,0,0
BRDA:156,13,1,0
BRDA:164,14,0,0
BRDA:164,14,1,0
BRDA:194,15,0,0
BRDA:194,15,1,0
BRDA:202,16,0,0
BRDA:202,16,1,0
BRDA:234,17,0,0
BRDA:234,17,1,0
BRF:36
BRH:0
end_of_record
TN:
SF:controllers\admin\financeiroController.js
FN:6,(anonymous_0)
FN:103,(anonymous_1)
FN:116,(anonymous_2)
FN:118,(anonymous_3)
FN:171,(anonymous_4)
FN:204,(anonymous_5)
FN:231,(anonymous_6)
FN:232,(anonymous_7)
FN:234,(anonymous_8)
FNF:9
FNH:0
FNDA:0,(anonymous_0)
FNDA:0,(anonymous_1)
FNDA:0,(anonymous_2)
FNDA:0,(anonymous_3)
FNDA:0,(anonymous_4)
FNDA:0,(anonymous_5)
FNDA:0,(anonymous_6)
FNDA:0,(anonymous_7)
FNDA:0,(anonymous_8)
DA:2,1
DA:3,1
DA:7,0
DA:8,0
DA:10,0
DA:11,0
DA:12,0
DA:15,0
DA:26,0
DA:40,0
DA:51,0
DA:61,0
DA:71,0
DA:76,0
DA:81,0
DA:86,0
DA:92,0
DA:96,0
DA:101,0
DA:102,0
DA:103,0
DA:104,0
DA:109,0
DA:116,0
DA:118,0
DA:119,0
DA:120,0
DA:121,0
DA:123,0
DA:124,0
DA:125,0
DA:126,0
DA:127,0
DA:128,0
DA:130,0
DA:134,0
DA:144,0
DA:166,0
DA:167,0
DA:172,0
DA:173,0
DA:175,0
DA:176,0
DA:177,0
DA:180,0
DA:193,0
DA:196,0
DA:197,0
DA:198,0
DA:199,0
DA:200,0
DA:204,0
DA:205,0
DA:206,0
DA:208,0
DA:209,0
DA:210,0
DA:211,0
DA:216,0
DA:217,0
DA:219,0
DA:220,0
DA:221,0
DA:231,0
DA:232,0
DA:233,0
DA:234,0
DA:236,0
DA:248,0
DA:249,0
DA:254,1
LF:71
LH:3
BRDA:8,0,0,0
BRDA:11,1,0,0
BRDA:11,1,1,0
BRDA:12,2,0,0
BRDA:12,2,1,0
BRDA:72,3,0,0
BRDA:72,3,1,0
BRDA:73,4,0,0
BRDA:73,4,1,0
BRDA:77,5,0,0
BRDA:77,5,1,0
BRDA:78,6,0,0
BRDA:78,6,1,0
BRDA:82,7,0,0
BRDA:82,7,1,0
BRDA:83,8,0,0
BRDA:83,8,1,0
BRDA:87,9,0,0
BRDA:87,9,1,0
BRDA:88,10,0,0
BRDA:88,10,1,0
BRDA:89,11,0,0
BRDA:89,11,1,0
BRDA:92,12,0,0
BRDA:92,12,1,0
BRDA:96,13,0,0
BRDA:96,13,1,0
BRDA:102,14,0,0
BRDA:102,14,1,0
BRDA:104,15,0,0
BRDA:104,15,1,0
BRDA:119,16,0,0
BRDA:119,16,1,0
BRDA:121,17,0,0
BRDA:121,17,1,0
BRDA:123,18,0,0
BRDA:123,18,1,0
BRDA:123,19,0,0
BRDA:123,19,1,0
BRDA:125,20,0,0
BRDA:125,20,1,0
BRDA:127,21,0,0
BRDA:127,21,1,0
BRDA:127,22,0,0
BRDA:127,22,1,0
BRDA:155,23,0,0
BRDA:155,23,1,0
BRDA:158,24,0,0
BRDA:158,24,1,0
BRDA:176,25,0,0
BRDA:176,25,1,0
BRDA:177,26,0,0
BRDA:177,26,1,0
BRDA:208,27,0,0
BRDA:208,27,1,0
BRDA:210,28,0,0
BRDA:210,28,1,0
BRF:57
BRH:0
end_of_record
TN:
SF:controllers\admin\logController.js
FN:4,(anonymous_0)
FN:102,(anonymous_1)
FNF:2
FNH:0
FNDA:0,(anonymous_0)
FNDA:0,(anonymous_1)
DA:1,1
DA:5,0
DA:13,0
DA:15,0
DA:16,0
DA:17,0
DA:18,0
DA:20,0
DA:41,0
DA:42,0
DA:43,0
DA:44,0
DA:47,0
DA:48,0
DA:49,0
DA:50,0
DA:53,0
DA:54,0
DA:55,0
DA:56,0
DA:59,0
DA:60,0
DA:61,0
DA:62,0
DA:65,0
DA:66,0
DA:69,0
DA:70,0
DA:72,0
DA:74,0
DA:75,0
DA:76,0
DA:78,0
DA:79,0
DA:80,0
DA:82,0
DA:94,0
DA:95,0
DA:103,0
DA:104,0
DA:105,0
DA:107,0
DA:123,0
DA:129,0
DA:130,0
DA:138,1
LF:46
LH:2
BRDA:7,0,0,0
BRDA:8,1,0,0
BRDA:41,2,0,0
BRDA:41,2,1,0
BRDA:47,3,0,0
BRDA:47,3,1,0
BRDA:53,4,0,0
BRDA:53,4,1,0
BRDA:59,5,0,0
BRDA:59,5,1,0
BRDA:65,6,0,0
BRDA:65,6,1,0
BRDA:75,7,0,0
BRDA:75,7,1,0
BRDA:80,8,0,0
BRDA:80,8,1,0
BRDA:105,9,0,0
BRF:17
BRH:0
end_of_record
TN:
SF:controllers\admin\quartoAdminController.js
FN:6,(anonymous_0)
FN:21,(anonymous_1)
FN:38,(anonymous_2)
FN:54,(anonymous_3)
FN:70,(anonymous_4)
FN:105,(anonymous_5)
FN:120,(anonymous_6)
FN:141,(anonymous_7)
FNF:8
FNH:0
FNDA:0,(anonymous_0)
FNDA:0,(anonymous_1)
FNDA:0,(anonymous_2)
FNDA:0,(anonymous_3)
FNDA:0,(anonymous_4)
FNDA:0,(anonymous_5)
FNDA:0,(anonymous_6)
FNDA:0,(anonymous_7)
DA:1,1
DA:7,0
DA:8,0
DA:14,0
DA:16,0
DA:22,0
DA:23,0
DA:31,0
DA:33,0
DA:39,0
DA:40,0
DA:44,0
DA:45,0
DA:47,0
DA:49,0
DA:55,0
DA:56,0
DA:60,0
DA:61,0
DA:63,0
DA:65,0
DA:71,0
DA:72,0
DA:74,0
DA:76,0
DA:86,0
DA:87,0
DA:90,0
DA:92,0
DA:99,0
DA:100,0
DA:106,0
DA:107,0
DA:113,0
DA:115,0
DA:121,0
DA:122,0
DA:130,0
DA:131,0
DA:134,0
DA:136,0
DA:142,0
DA:143,0
DA:148,0
DA:149,0
DA:152,0
DA:154,0
DA:159,1
LF:48
LH:2
BRDA:44,0,0,0
BRDA:44,0,1,0
BRDA:60,1,0,0
BRDA:60,1,1,0
BRDA:86,2,0,0
BRDA:86,2,1,0
BRDA:130,3,0,0
BRDA:130,3,1,0
BRDA:148,4,0,0
BRDA:148,4,1,0
BRF:10
BRH:0
end_of_record
TN:
SF:controllers\admin\reconciliacaoController.js
FN:4,(anonymous_0)
FN:25,(anonymous_1)
FN:42,(anonymous_2)
FN:52,(anonymous_3)
FN:68,(anonymous_4)
FN:80,(anonymous_5)
FN:90,(anonymous_6)
FN:104,(anonymous_7)
FNF:8
FNH:0
FNDA:0,(anonymous_0)
FNDA:0,(anonymous_1)
FNDA:0,(anonymous_2)
FNDA:0,(anonymous_3)
FNDA:0,(anonymous_4)
FNDA:0,(anonymous_5)
FNDA:0,(anonymous_6)
FNDA:0,(anonymous_7)
DA:1,1
DA:5,0
DA:6,0
DA:7,0
DA:8,0
DA:10,0
DA:11,0
DA:17,0
DA:18,0
DA:20,0
DA:21,0
DA:26,0
DA:27,0
DA:28,0
DA:30,0
DA:31,0
DA:34,0
DA:35,0
DA:37,0
DA:38,0
DA:43,0
DA:44,0
DA:45,0
DA:47,0
DA:48,0
DA:53,0
DA:54,0
DA:56,0
DA:57,0
DA:60,0
DA:61,0
DA:63,0
DA:64,0
DA:69,0
DA:70,0
DA:71,0
DA:72,0
DA:73,0
DA:75,0
DA:76,0
DA:81,0
DA:82,0
DA:83,0
DA:85,0
DA:86,0
DA:91,0
DA:92,0
DA:93,0
DA:94,0
DA:96,0
DA:97,0
DA:99,0
DA:100,0
DA:105,0
DA:106,0
DA:107,0
DA:108,0
DA:110,0
DA:111,0
DA:113,0
DA:114,0
DA:119,1
LF:62
LH:2
BRDA:6,0,0,0
BRDA:6,0,1,0
BRDA:7,1,0,0
BRDA:7,1,1,0
BRDA:8,2,0,0
BRDA:8,2,1,0
BRDA:10,3,0,0
BRDA:10,3,1,0
BRDA:10,4,0,0
BRDA:10,4,1,0
BRDA:10,4,2,0
BRDA:27,5,0,0
BRDA:27,5,1,0
BRDA:28,6,0,0
BRDA:28,6,1,0
BRDA:30,7,0,0
BRDA:30,7,1,0
BRDA:30,8,0,0
BRDA:30,8,1,0
BRDA:56,9,0,0
BRDA:56,9,1,0
BRDA:56,10,0,0
BRDA:56,10,1,0
BRDA:71,11,0,0
BRDA:71,11,1,0
BRDA:93,12,0,0
BRDA:93,12,1,0
BRDA:93,13,0,0
BRDA:93,13,1,0
BRDA:107,14,0,0
BRDA:107,14,1,0
BRDA:107,15,0,0
BRDA:107,15,1,0
BRF:33
BRH:0
end_of_record
TN:
SF:controllers\admin\relatorioController.js
FN:6,(anonymous_0)
FN:30,(anonymous_1)
FN:44,(anonymous_2)
FN:58,(anonymous_3)
FNF:4
FNH:0
FNDA:0,(anonymous_0)
FNDA:0,(anonymous_1)
FNDA:0,(anonymous_2)
FNDA:0,(anonymous_3)
DA:2,1
DA:3,1
DA:7,0
DA:8,0
DA:9,0
DA:13,0
DA:23,0
DA:25,0
DA:26,0
DA:31,0
DA:32,0
DA:33,0
DA:37,0
DA:39,0
DA:40,0
DA:45,0
DA:46,0
DA:47,0
DA:51,0
DA:53,0
DA:54,0
DA:59,0
DA:60,0
DA:61,0
DA:65,0
DA:67,0
DA:68,0
DA:73,1
LF:28
LH:3
BRDA:8,0,0,0
BRDA:46,1,0,0
BRF:2
BRH:0
end_of_record
TN:
SF:controllers\admin\reservaAdminController.js
FN:5,(anonymous_0)
FN:170,(anonymous_1)
FN:223,(anonymous_2)
FN:302,(anonymous_3)
FN:363,(anonymous_4)
FN:414,(anonymous_5)
FN:502,(anonymous_6)
FN:597,(anonymous_7)
FNF:8
FNH:0
FNDA:0,(anonymous_0)
FNDA:0,(anonymous_1)
FNDA:0,(anonymous_2)
FNDA:0,(anonymous_3)
FNDA:0,(anonymous_4)
FNDA:0,(anonymous_5)
FNDA:0,(anonymous_6)
FNDA:0,(anonymous_7)
DA:1,1
DA:2,1
DA:6,0
DA:18,0
DA:20,0
DA:21,0
DA:22,0
DA:23,0
DA:25,0
DA:51,0
DA:52,0
DA:53,0
DA:54,0
DA:57,0
DA:58,0
DA:59,0
DA:60,0
DA:63,0
DA:64,0
DA:65,0
DA:66,0
DA:69,0
DA:70,0
DA:71,0
DA:72,0
DA:75,0
DA:76,0
DA:77,0
DA:78,0
DA:81,0
DA:82,0
DA:83,0
DA:84,0
DA:87,0
DA:88,0
DA:89,0
DA:90,0
DA:93,0
DA:94,0
DA:95,0
DA:96,0
DA:99,0
DA:100,0
DA:103,0
DA:104,0
DA:106,0
DA:107,0
DA:109,0
DA:116,0
DA:117,0
DA:120,0
DA:121,0
DA:122,0
DA:124,0
DA:126,0
DA:130,0
DA:132,0
DA:136,0
DA:138,0
DA:143,0
DA:145,0
DA:162,0
DA:163,0
DA:171,0
DA:172,0
DA:174,0
DA:200,0
DA:201,0
DA:207,0
DA:213,0
DA:214,0
DA:224,0
DA:226,0
DA:227,0
DA:228,0
DA:229,0
DA:230,0
DA:232,0
DA:234,0
DA:235,0
DA:236,0
DA:237,0
DA:240,0
DA:241,0
DA:243,0
DA:244,0
DA:245,0
DA:246,0
DA:249,0
DA:250,0
DA:251,0
DA:252,0
DA:253,0
DA:255,0
DA:256,0
DA:257,0
DA:259,0
DA:260,0
DA:261,0
DA:263,0
DA:264,0
DA:265,0
DA:266,0
DA:267,0
DA:269,0
DA:270,0
DA:271,0
DA:272,0
DA:274,0
DA:277,0
DA:290,0
DA:291,0
DA:293,0
DA:296,0
DA:297,0
DA:298,0
DA:299,0
DA:303,0
DA:305,0
DA:306,0
DA:307,0
DA:308,0
DA:310,0
DA:311,0
DA:314,0
DA:316,0
DA:317,0
DA:318,0
DA:319,0
DA:322,0
DA:323,0
DA:325,0
DA:326,0
DA:327,0
DA:330,0
DA:332,0
DA:333,0
DA:337,0
DA:351,0
DA:352,0
DA:354,0
DA:357,0
DA:358,0
DA:359,0
DA:360,0
DA:364,0
DA:366,0
DA:367,0
DA:368,0
DA:369,0
DA:371,0
DA:373,0
DA:374,0
DA:375,0
DA:376,0
DA:379,0
DA:381,0
DA:382,0
DA:383,0
DA:386,0
DA:389,0
DA:402,0
DA:403,0
DA:405,0
DA:408,0
DA:409,0
DA:410,0
DA:411,0
DA:415,0
DA:417,0
DA:418,0
DA:419,0
DA:421,0
DA:423,0
DA:425,0
DA:426,0
DA:427,0
DA:428,0
DA:431,0
DA:434,0
DA:435,0
DA:436,0
DA:440,0
DA:441,0
DA:442,0
DA:450,0
DA:457,0
DA:460,0
DA:461,0
DA:465,0
DA:469,0
DA:482,0
DA:484,0
DA:490,0
DA:491,0
DA:492,0
DA:497,0
DA:503,0
DA:505,0
DA:506,0
DA:507,0
DA:509,0
DA:511,0
DA:513,0
DA:514,0
DA:515,0
DA:516,0
DA:519,0
DA:522,0
DA:523,0
DA:524,0
DA:528,0
DA:529,0
DA:530,0
DA:537,0
DA:545,0
DA:548,0
DA:549,0
DA:553,0
DA:557,0
DA:558,0
DA:559,0
DA:560,0
DA:561,0
DA:564,0
DA:577,0
DA:579,0
DA:585,0
DA:586,0
DA:587,0
DA:592,0
DA:598,0
DA:602,1
LF:233
LH:3
BRDA:8,0,0,0
BRDA:9,1,0,0
BRDA:51,2,0,0
BRDA:51,2,1,0
BRDA:57,3,0,0
BRDA:57,3,1,0
BRDA:63,4,0,0
BRDA:63,4,1,0
BRDA:69,5,0,0
BRDA:69,5,1,0
BRDA:75,6,0,0
BRDA:75,6,1,0
BRDA:81,7,0,0
BRDA:81,7,1,0
BRDA:87,8,0,0
BRDA:87,8,1,0
BRDA:93,9,0,0
BRDA:93,9,1,0
BRDA:99,10,0,0
BRDA:99,10,1,0
BRDA:116,11,0,0
BRDA:116,11,1,0
BRDA:122,12,0,0
BRDA:122,12,1,0
BRDA:130,13,0,0
BRDA:130,13,1,0
BRDA:136,14,0,0
BRDA:136,14,1,0
BRDA:143,15,0,0
BRDA:143,15,1,0
BRDA:200,16,0,0
BRDA:200,16,1,0
BRDA:200,17,0,0
BRDA:200,17,1,0
BRDA:235,18,0,0
BRDA:235,18,1,0
BRDA:241,19,0,0
BRDA:241,19,1,0
BRDA:244,20,0,0
BRDA:244,20,1,0
BRDA:250,21,0,0
BRDA:250,21,1,0
BRDA:251,22,0,0
BRDA:251,22,1,0
BRDA:253,23,0,0
BRDA:253,23,1,0
BRDA:263,24,0,0
BRDA:263,24,1,0
BRDA:264,25,0,0
BRDA:264,25,1,0
BRDA:265,26,0,0
BRDA:265,26,1,0
BRDA:266,27,0,0
BRDA:266,27,1,0
BRDA:267,28,0,0
BRDA:267,28,1,0
BRDA:279,29,0,0
BRDA:279,29,1,0
BRDA:285,30,0,0
BRDA:285,30,1,0
BRDA:285,31,0,0
BRDA:285,31,1,0
BRDA:310,32,0,0
BRDA:310,32,1,0
BRDA:310,33,0,0
BRDA:310,33,1,0
BRDA:317,34,0,0
BRDA:317,34,1,0
BRDA:325,35,0,0
BRDA:325,35,1,0
BRDA:332,36,0,0
BRDA:332,36,1,0
BRDA:339,37,0,0
BRDA:339,37,1,0
BRDA:374,38,0,0
BRDA:374,38,1,0
BRDA:381,39,0,0
BRDA:381,39,1,0
BRDA:391,40,0,0
BRDA:391,40,1,0
BRDA:397,41,0,0
BRDA:397,41,1,0
BRDA:426,42,0,0
BRDA:426,42,1,0
BRDA:434,43,0,0
BRDA:434,43,1,0
BRDA:440,44,0,0
BRDA:440,44,1,0
BRDA:460,45,0,0
BRDA:460,45,1,0
BRDA:471,46,0,0
BRDA:471,46,1,0
BRDA:514,47,0,0
BRDA:514,47,1,0
BRDA:522,48,0,0
BRDA:522,48,1,0
BRDA:528,49,0,0
BRDA:528,49,1,0
BRDA:548,50,0,0
BRDA:548,50,1,0
BRDA:566,51,0,0
BRDA:566,51,1,0
BRF:102
BRH:0
end_of_record
TN:
SF:controllers\admin\utilizadorController.js
FN:6,formatarTempo
FN:17,(anonymous_1)
FN:76,(anonymous_2)
FN:122,(anonymous_3)
FN:179,(anonymous_4)
FN:278,(anonymous_5)
FN:329,(anonymous_6)
FNF:7
FNH:0
FNDA:0,formatarTempo
FNDA:0,(anonymous_1)
FNDA:0,(anonymous_2)
FNDA:0,(anonymous_3)
FNDA:0,(anonymous_4)
FNDA:0,(anonymous_5)
FNDA:0,(anonymous_6)
DA:1,1
DA:2,1
DA:3,1
DA:4,1
DA:7,0
DA:8,0
DA:9,0
DA:10,0
DA:11,0
DA:12,0
DA:13,0
DA:18,0
DA:25,0
DA:27,0
DA:28,0
DA:29,0
DA:30,0
DA:32,0
DA:50,0
DA:51,0
DA:52,0
DA:53,0
DA:56,0
DA:57,0
DA:58,0
DA:59,0
DA:62,0
DA:63,0
DA:64,0
DA:65,0
DA:68,0
DA:69,0
DA:72,0
DA:73,0
DA:75,0
DA:76,0
DA:83,0
DA:84,0
DA:85,0
DA:87,0
DA:88,0
DA:89,0
DA:91,0
DA:101,0
DA:114,0
DA:115,0
DA:123,0
DA:125,0
DA:126,0
DA:127,0
DA:129,0
DA:130,0
DA:131,0
DA:132,0
DA:138,0
DA:139,0
DA:140,0
DA:141,0
DA:143,0
DA:149,0
DA:161,0
DA:168,0
DA:169,0
DA:170,0
DA:175,0
DA:180,0
DA:182,0
DA:183,0
DA:184,0
DA:185,0
DA:187,0
DA:188,0
DA:189,0
DA:190,0
DA:196,0
DA:198,0
DA:199,0
DA:203,0
DA:204,0
DA:205,0
DA:212,0
DA:213,0
DA:214,0
DA:216,0
DA:217,0
DA:218,0
DA:220,0
DA:221,0
DA:222,0
DA:224,0
DA:225,0
DA:226,0
DA:228,0
DA:229,0
DA:230,0
DA:232,0
DA:233,0
DA:234,0
DA:237,0
DA:238,0
DA:239,0
DA:241,0
DA:246,0
DA:259,0
DA:261,0
DA:267,0
DA:268,0
DA:269,0
DA:274,0
DA:279,0
DA:280,0
DA:281,0
DA:283,0
DA:284,0
DA:285,0
DA:287,0
DA:297,0
DA:298,0
DA:304,0
DA:315,0
DA:321,0
DA:322,0
DA:330,0
DA:331,0
DA:333,0
DA:338,0
DA:339,0
DA:345,0
DA:351,0
DA:352,0
DA:360,1
LF:131
LH:5
BRDA:7,0,0,0
BRDA:7,0,1,0
BRDA:7,1,0,0
BRDA:7,1,1,0
BRDA:10,2,0,0
BRDA:10,2,1,0
BRDA:10,3,0,0
BRDA:10,3,1,0
BRDA:11,4,0,0
BRDA:11,4,1,0
BRDA:12,5,0,0
BRDA:12,5,1,0
BRDA:20,6,0,0
BRDA:21,7,0,0
BRDA:50,8,0,0
BRDA:50,8,1,0
BRDA:56,9,0,0
BRDA:56,9,1,0
BRDA:62,10,0,0
BRDA:62,10,1,0
BRDA:68,11,0,0
BRDA:68,11,1,0
BRDA:78,12,0,0
BRDA:78,12,1,0
BRDA:79,13,0,0
BRDA:79,13,1,0
BRDA:84,14,0,0
BRDA:84,14,1,0
BRDA:89,15,0,0
BRDA:89,15,1,0
BRDA:126,16,0,0
BRDA:130,17,0,0
BRDA:130,17,1,0
BRDA:139,18,0,0
BRDA:139,18,1,0
BRDA:188,19,0,0
BRDA:188,19,1,0
BRDA:198,20,0,0
BRDA:198,20,1,0
BRDA:198,21,0,0
BRDA:198,21,1,0
BRDA:203,22,0,0
BRDA:203,22,1,0
BRDA:216,23,0,0
BRDA:216,23,1,0
BRDA:220,24,0,0
BRDA:220,24,1,0
BRDA:224,25,0,0
BRDA:224,25,1,0
BRDA:228,26,0,0
BRDA:228,26,1,0
BRDA:232,27,0,0
BRDA:232,27,1,0
BRDA:250,28,0,0
BRDA:250,28,1,0
BRDA:250,29,0,0
BRDA:250,29,1,0
BRDA:250,30,0,0
BRDA:250,30,1,0
BRDA:297,31,0,0
BRDA:297,31,1,0
BRDA:338,32,0,0
BRDA:338,32,1,0
BRF:63
BRH:0
end_of_record
TN:
SF:middlewares\auditLogger.js
FN:8,(anonymous_0)
FN:22,(anonymous_1)
FN:29,(anonymous_2)
FN:68,getActionFromRoute
FN:89,getEntityFromRoute
FN:99,shouldLogAction
FN:111,sanitizeBody
FNF:7
FNH:7
FNDA:6,(anonymous_0)
FNDA:1,(anonymous_1)
FNDA:5,(anonymous_2)
FNDA:5,getActionFromRoute
FNDA:2,getEntityFromRoute
FNDA:2,shouldLogAction
FNDA:1,sanitizeBody
DA:5,1
DA:6,1
DA:8,1
DA:10,6
DA:11,1
DA:15,5
DA:18,5
DA:21,5
DA:22,5
DA:23,1
DA:24,1
DA:25,1
DA:29,5
DA:31,5
DA:32,5
DA:35,2
DA:38,2
DA:41,2
DA:42,2
DA:64,5
DA:69,5
DA:84,5
DA:85,5
DA:90,2
DA:91,2
DA:92,1
DA:93,1
DA:94,1
DA:95,0
DA:101,2
DA:102,2
DA:105,1
DA:107,0
DA:112,1
DA:113,1
DA:115,1
DA:116,4
DA:117,1
DA:121,1
DA:124,1
LF:40
LH:38
BRDA:10,0,0,1
BRDA:10,0,1,5
BRDA:15,1,0,5
BRDA:15,1,1,5
BRDA:32,2,0,3
BRDA:32,2,1,2
BRDA:38,3,0,1
BRDA:38,3,1,1
BRDA:41,4,0,2
BRDA:41,4,1,0
BRDA:48,5,0,2
BRDA:48,5,1,1
BRDA:52,6,0,0
BRDA:52,6,1,1
BRDA:58,7,0,1
BRDA:58,7,1,0
BRDA:58,8,0,1
BRDA:58,8,1,1
BRDA:85,9,0,5
BRDA:85,9,1,3
BRDA:90,10,0,0
BRDA:90,10,1,2
BRDA:91,11,0,1
BRDA:91,11,1,1
BRDA:92,12,0,0
BRDA:92,12,1,1
BRDA:93,13,0,0
BRDA:93,13,1,1
BRDA:94,14,0,1
BRDA:94,14,1,0
BRDA:102,15,0,1
BRDA:102,15,1,1
BRDA:105,16,0,1
BRDA:105,16,1,0
BRDA:116,17,0,1
BRDA:116,17,1,3
BRF:36
BRH:28
end_of_record
TN:
SF:middlewares\auth.js
FN:4,(anonymous_0)
FN:22,(anonymous_1)
FN:64,(anonymous_2)
FN:119,(anonymous_3)
FN:120,(anonymous_4)
FNF:5
FNH:3
FNDA:1,(anonymous_0)
FNDA:0,(anonymous_1)
FNDA:4,(anonymous_2)
FNDA:5,(anonymous_3)
FNDA:0,(anonymous_4)
DA:1,1
DA:2,1
DA:4,1
DA:5,1
DA:6,1
DA:12,1
DA:14,1
DA:15,1
DA:17,0
DA:18,0
DA:22,1
DA:23,0
DA:24,0
DA:30,0
DA:31,0
DA:32,0
DA:33,0
DA:34,0
DA:36,0
DA:37,0
DA:45,0
DA:52,0
DA:53,0
DA:56,0
DA:59,0
DA:61,0
DA:64,1
DA:65,4
DA:66,4
DA:68,4
DA:69,0
DA:75,4
DA:77,4
DA:78,4
DA:80,4
DA:85,4
DA:86,0
DA:92,4
DA:94,4
DA:95,0
DA:101,4
DA:109,4
DA:111,0
DA:112,0
DA:119,1
DA:120,5
DA:121,0
DA:122,0
DA:128,0
DA:129,0
DA:135,0
DA:139,1
LF:52
LH:25
BRDA:30,0,0,0
BRDA:30,0,1,0
BRDA:36,1,0,0
BRDA:36,1,1,0
BRDA:66,2,0,4
BRDA:66,2,1,0
BRDA:68,3,0,0
BRDA:68,3,1,4
BRDA:68,4,0,4
BRDA:68,4,1,4
BRDA:85,5,0,0
BRDA:85,5,1,4
BRDA:94,6,0,0
BRDA:94,6,1,4
BRDA:121,7,0,0
BRDA:121,7,1,0
BRDA:128,8,0,0
BRDA:128,8,1,0
BRF:18
BRH:6
end_of_record
TN:
SF:middlewares\performanceLogger.js
FN:9,performanceLogger
FN:13,(anonymous_1)
FNF:2
FNH:2
FNDA:6,performanceLogger
FNDA:6,(anonymous_1)
DA:1,1
DA:2,1
DA:4,1
DA:10,6
DA:11,6
DA:13,6
DA:14,6
DA:15,6
DA:18,6
DA:21,6
DA:22,0
DA:26,6
DA:29,1
LF:13
LH:12
BRDA:21,0,0,0
BRDA:21,0,1,6
BRF:2
BRH:1
end_of_record
TN:
SF:middlewares\permissaoMiddleware.js
FN:34,(anonymous_0)
FN:50,(anonymous_1)
FN:51,(anonymous_2)
FN:99,(anonymous_3)
FN:120,(anonymous_4)
FN:142,(anonymous_5)
FN:165,(anonymous_6)
FN:186,(anonymous_7)
FNF:8
FNH:1
FNDA:0,(anonymous_0)
FNDA:12,(anonymous_1)
FNDA:0,(anonymous_2)
FNDA:0,(anonymous_3)
FNDA:0,(anonymous_4)
FNDA:0,(anonymous_5)
FNDA:0,(anonymous_6)
FNDA:0,(anonymous_7)
DA:2,1
DA:5,1
DA:34,1
DA:35,0
DA:50,1
DA:51,12
DA:52,0
DA:53,0
DA:55,0
DA:56,0
DA:62,0
DA:63,0
DA:65,0
DA:66,0
DA:67,0
DA:75,0
DA:79,0
DA:80,0
DA:81,0
DA:87,0
DA:89,0
DA:90,0
DA:99,1
DA:100,0
DA:102,0
DA:103,0
DA:109,0
DA:110,0
DA:116,0
DA:120,1
DA:121,0
DA:123,0
DA:124,0
DA:131,0
DA:132,0
DA:138,0
DA:142,1
DA:143,0
DA:144,0
DA:146,0
DA:147,0
DA:154,0
DA:155,0
DA:161,0
DA:165,1
DA:166,0
DA:168,0
DA:169,0
DA:175,0
DA:176,0
DA:182,0
DA:186,1
DA:187,0
DA:189,0
DA:190,0
DA:198,0
DA:201,1
LF:57
LH:11
BRDA:55,0,0,0
BRDA:55,0,1,0
BRDA:65,1,0,0
BRDA:65,1,1,0
BRDA:75,2,0,0
BRDA:75,2,1,0
BRDA:75,2,2,0
BRDA:79,3,0,0
BRDA:79,3,1,0
BRDA:102,4,0,0
BRDA:102,4,1,0
BRDA:109,5,0,0
BRDA:109,5,1,0
BRDA:109,6,0,0
BRDA:109,6,1,0
BRDA:123,7,0,0
BRDA:123,7,1,0
BRDA:131,8,0,0
BRDA:131,8,1,0
BRDA:146,9,0,0
BRDA:146,9,1,0
BRDA:154,10,0,0
BRDA:154,10,1,0
BRDA:154,11,0,0
BRDA:154,11,1,0
BRDA:168,12,0,0
BRDA:168,12,1,0
BRDA:175,13,0,0
BRDA:175,13,1,0
BRDA:189,14,0,0
BRDA:189,14,1,0
BRF:31
BRH:0
end_of_record
TN:
SF:middlewares\rateLimit.js
FN:16,(anonymous_0)
FN:20,(anonymous_1)
FN:35,(anonymous_2)
FN:46,(anonymous_3)
FN:50,(anonymous_4)
FN:65,(anonymous_5)
FNF:6
FNH:4
FNDA:5,(anonymous_0)
FNDA:6,(anonymous_1)
FNDA:1,(anonymous_2)
FNDA:0,(anonymous_3)
FNDA:6,(anonymous_4)
FNDA:0,(anonymous_5)
DA:1,1
DA:4,1
DA:7,1
DA:18,5
DA:22,6
DA:27,1
DA:35,1
DA:39,1
DA:46,0
DA:50,1
DA:51,6
DA:52,6
DA:54,6
DA:55,0
DA:61,6
DA:65,1
DA:66,0
DA:71,0
DA:74,1
LF:19
LH:15
BRDA:18,0,0,5
BRDA:18,0,1,5
BRDA:46,1,0,0
BRDA:46,1,1,0
BRDA:54,2,0,0
BRDA:54,2,1,6
BRDA:54,3,0,6
BRDA:54,3,1,0
BRDA:65,4,0,0
BRF:9
BRH:4
end_of_record
TN:
SF:middlewares\sanitize.js
FN:4,(anonymous_0)
FN:28,(anonymous_1)
FN:41,(anonymous_2)
FN:83,(anonymous_3)
FNF:4
FNH:4
FNDA:12,(anonymous_0)
FNDA:6,(anonymous_1)
FNDA:6,(anonymous_2)
FNDA:6,(anonymous_3)
DA:1,1
DA:2,1
DA:4,1
DA:5,12
DA:7,12
DA:9,12
DA:10,3
DA:11,3
DA:15,3
DA:17,0
DA:18,0
DA:21,0
DA:25,12
DA:28,1
DA:29,6
DA:30,0
DA:32,6
DA:33,6
DA:35,6
DA:36,6
DA:38,6
DA:41,1
DA:42,6
DA:45,6
DA:46,0
DA:47,0
DA:50,0
DA:51,0
DA:54,0
DA:55,0
DA:58,0
DA:59,0
DA:60,0
DA:62,0
DA:63,0
DA:66,0
DA:67,0
DA:72,6
DA:73,0
DA:80,6
DA:83,1
DA:84,6
DA:85,6
DA:86,6
DA:87,6
DA:88,6
DA:91,1
LF:47
LH:29
BRDA:5,0,0,0
BRDA:5,0,1,12
BRDA:7,1,0,0
BRDA:7,1,1,12
BRDA:10,2,0,3
BRDA:10,2,1,0
BRDA:17,3,0,0
BRDA:17,3,1,0
BRDA:17,4,0,0
BRDA:17,4,1,0
BRDA:29,5,0,0
BRDA:29,5,1,6
BRDA:32,6,0,6
BRDA:32,6,1,0
BRDA:35,7,0,6
BRDA:35,7,1,0
BRDA:45,8,0,0
BRDA:45,8,1,6
BRDA:46,9,0,0
BRDA:46,9,1,0
BRDA:46,10,0,0
BRDA:46,10,1,0
BRDA:50,11,0,0
BRDA:50,11,1,0
BRDA:50,12,0,0
BRDA:50,12,1,0
BRDA:54,13,0,0
BRDA:54,13,1,0
BRDA:54,14,0,0
BRDA:54,14,1,0
BRDA:54,14,2,0
BRDA:58,15,0,0
BRDA:58,15,1,0
BRDA:58,16,0,0
BRDA:58,16,1,0
BRDA:62,17,0,0
BRDA:62,17,1,0
BRDA:62,18,0,0
BRDA:62,18,1,0
BRDA:66,19,0,0
BRDA:66,19,1,0
BRDA:72,20,0,0
BRDA:72,20,1,6
BRF:43
BRH:8
end_of_record
TN:
SF:middlewares\waf.js
FN:3,(anonymous_0)
FN:27,(anonymous_1)
FNF:2
FNH:0
FNDA:0,(anonymous_0)
FNDA:0,(anonymous_1)
DA:1,1
DA:3,1
DA:5,0
DA:6,0
DA:10,0
DA:13,0
DA:14,0
DA:15,0
DA:17,0
DA:18,0
DA:19,0
DA:20,0
DA:23,0
DA:24,0
DA:27,0
DA:29,0
DA:35,0
DA:38,1
LF:18
LH:3
BRDA:5,0,0,0
BRDA:5,0,1,0
BRDA:13,1,0,0
BRDA:13,1,1,0
BRF:4
BRH:0
end_of_record
TN:
SF:routes\clienteRoutes.js
FN:6,(anonymous_0)
FN:29,(anonymous_1)
FNF:2
FNH:0
FNDA:0,(anonymous_0)
FNDA:0,(anonymous_1)
DA:1,1
DA:2,1
DA:3,1
DA:6,1
DA:7,0
DA:8,0
DA:10,0
DA:12,0
DA:13,0
DA:17,0
DA:19,0
DA:22,0
DA:24,0
DA:29,1
DA:30,0
DA:31,0
DA:32,0
DA:34,0
DA:35,0
DA:38,0
DA:40,0
DA:44,1
LF:22
LH:6
BRDA:12,0,0,0
BRDA:12,0,1,0
BRDA:34,1,0,0
BRDA:34,1,1,0
BRF:4
BRH:0
end_of_record
TN:
SF:routes\quartoRoutes.js
FN:6,(anonymous_0)
FNF:1
FNH:0
FNDA:0,(anonymous_0)
DA:1,1
DA:2,1
DA:3,1
DA:6,1
DA:7,0
DA:8,0
DA:10,0
DA:11,0
DA:13,0
DA:14,0
DA:15,0
DA:18,0
DA:20,0
DA:22,0
DA:28,0
DA:29,0
DA:37,1
LF:17
LH:5
BRDA:13,0,0,0
BRDA:13,0,1,0
BRDA:13,1,0,0
BRDA:13,1,1,0
BRF:4
BRH:0
end_of_record
TN:
SF:routes\reciboRoutes.js
FN:6,(anonymous_0)
FN:57,(anonymous_1)
FN:61,(anonymous_2)
FNF:3
FNH:0
FNDA:0,(anonymous_0)
FNDA:0,(anonymous_1)
FNDA:0,(anonymous_2)
DA:1,1
DA:2,1
DA:3,1
DA:6,1
DA:7,0
DA:8,0
DA:10,0
DA:25,0
DA:26,0
DA:33,0
DA:40,0
DA:41,0
DA:43,0
DA:48,0
DA:49,0
DA:57,1
DA:58,0
DA:61,1
DA:62,0
DA:65,1
LF:20
LH:7
BRDA:25,0,0,0
BRDA:25,0,1,0
BRF:2
BRH:0
end_of_record
TN:
SF:routes\reservaRoutes.js
FNF:0
FNH:0
DA:1,1
DA:2,1
DA:3,1
DA:5,1
DA:6,1
DA:7,1
DA:8,1
DA:9,1
DA:10,1
DA:11,1
DA:12,1
DA:14,1
LF:12
LH:12
BRF:0
BRH:0
end_of_record
TN:
SF:routes\admin\auditRoutes.js
FN:15,(anonymous_0)
FN:50,(anonymous_1)
FN:98,(anonymous_2)
FN:127,(anonymous_3)
FN:137,(anonymous_4)
FN:149,(anonymous_5)
FNF:6
FNH:0
FNDA:0,(anonymous_0)
FNDA:0,(anonymous_1)
FNDA:0,(anonymous_2)
FNDA:0,(anonymous_3)
FNDA:0,(anonymous_4)
FNDA:0,(anonymous_5)
DA:5,1
DA:6,1
DA:7,1
DA:8,1
DA:11,1
DA:12,1
DA:15,1
DA:16,0
DA:17,0
DA:28,0
DA:30,0
DA:41,0
DA:42,0
DA:50,1
DA:51,0
DA:52,0
DA:54,0
DA:63,0
DA:71,0
DA:80,0
DA:89,0
DA:90,0
DA:98,1
DA:99,0
DA:100,0
DA:101,0
DA:106,0
DA:107,0
DA:113,0
DA:118,0
DA:119,0
DA:127,1
DA:128,0
DA:129,0
DA:135,0
DA:136,0
DA:137,0
DA:147,0
DA:149,0
DA:152,0
DA:153,0
DA:154,0
DA:156,0
DA:157,0
DA:164,1
LF:45
LH:11
BRDA:24,0,0,0
BRDA:24,0,1,0
BRDA:25,1,0,0
BRDA:25,1,1,0
BRDA:106,2,0,0
BRDA:106,2,1,0
BRDA:139,3,0,0
BRDA:139,3,1,0
BRDA:142,4,0,0
BRDA:142,4,1,0
BRF:10
BRH:0
end_of_record
TN:
SF:routes\admin\dashboardRoutes.js
FN:6,(anonymous_0)
FNF:1
FNH:0
FNDA:0,(anonymous_0)
DA:1,1
DA:2,1
DA:3,1
DA:6,1
DA:7,0
DA:8,0
DA:10,0
DA:15,0
DA:19,0
DA:23,0
DA:33,0
DA:37,1
LF:12
LH:5
BRF:0
BRH:0
end_of_record
TN:
SF:routes\admin\financeiroRoutes.js
FNF:0
FNH:0
DA:2,1
DA:3,1
DA:4,1
DA:5,1
DA:7,1
DA:9,1
DA:11,1
DA:12,1
DA:14,1
LF:9
LH:9
BRF:0
BRH:0
end_of_record
TN:
SF:routes\admin\logRoutes.js
FNF:0
FNH:0
DA:1,1
DA:2,1
DA:3,1
DA:4,1
DA:6,1
DA:9,1
DA:10,1
DA:12,1
DA:13,1
DA:15,1
LF:10
LH:10
BRF:0
BRH:0
end_of_record
TN:
SF:routes\admin\performanceRoutes.js
FN:10,(anonymous_0)
FN:21,(anonymous_1)
FNF:2
FNH:0
FNDA:0,(anonymous_0)
FNDA:0,(anonymous_1)
DA:1,1
DA:2,1
DA:5,1
DA:7,1
DA:10,1
DA:11,0
DA:21,1
DA:22,0
DA:29,1
LF:9
LH:7
BRF:0
BRH:0
end_of_record
TN:
SF:routes\admin\quartoRoutes.js
FNF:0
FNH:0
DA:1,1
DA:2,1
DA:3,1
DA:4,1
DA:6,1
DA:7,1
DA:9,1
DA:10,1
DA:11,1
DA:12,1
DA:13,1
DA:14,1
DA:15,1
DA:16,1
DA:18,1
LF:15
LH:15
BRF:0
BRH:0
end_of_record
TN:
SF:routes\admin\reconciliacaoRoutes.js
FNF:0
FNH:0
DA:1,1
DA:2,1
DA:3,1
DA:4,1
DA:6,1
DA:9,1
DA:10,1
DA:13,1
DA:14,1
DA:15,1
DA:16,1
DA:17,1
DA:18,1
DA:19,1
DA:20,1
DA:22,1
LF:16
LH:16
BRF:0
BRH:0
end_of_record
TN:
SF:routes\admin\relatorioRoutes.js
FN:22,(anonymous_0)
FN:45,(anonymous_1)
FN:57,(anonymous_2)
FN:77,(anonymous_3)
FN:116,(anonymous_4)
FN:129,(anonymous_5)
FNF:6
FNH:0
FNDA:0,(anonymous_0)
FNDA:0,(anonymous_1)
FNDA:0,(anonymous_2)
FNDA:0,(anonymous_3)
FNDA:0,(anonymous_4)
FNDA:0,(anonymous_5)
DA:2,1
DA:3,1
DA:4,1
DA:5,1
DA:6,1
DA:8,1
DA:11,1
DA:14,1
DA:15,1
DA:16,1
DA:17,1
DA:22,1
DA:23,0
DA:24,0
DA:26,0
DA:27,0
DA:30,0
DA:37,0
DA:39,0
DA:40,0
DA:45,1
DA:46,0
DA:47,0
DA:48,0
DA:49,0
DA:51,0
DA:52,0
DA:57,1
DA:58,0
DA:59,0
DA:60,0
DA:62,0
DA:69,0
DA:71,0
DA:72,0
DA:77,1
DA:78,0
DA:79,0
DA:82,0
DA:83,0
DA:85,0
DA:87,0
DA:88,0
DA:89,0
DA:91,0
DA:92,0
DA:93,0
DA:95,0
DA:103,0
DA:105,0
DA:106,0
DA:107,0
DA:110,0
DA:111,0
DA:116,1
DA:117,0
DA:118,0
DA:119,0
DA:121,0
DA:123,0
DA:124,0
DA:125,0
DA:128,0
DA:129,0
DA:130,0
DA:131,0
DA:132,0
DA:137,0
DA:139,0
DA:140,0
DA:141,0
DA:144,0
DA:145,0
DA:149,1
LF:74
LH:17
BRDA:26,0,0,0
BRDA:26,0,1,0
BRDA:32,1,0,0
BRDA:32,1,1,0
BRDA:34,2,0,0
BRDA:34,2,1,0
BRDA:47,3,0,0
BRDA:64,4,0,0
BRDA:64,4,1,0
BRDA:65,5,0,0
BRDA:65,5,1,0
BRDA:123,6,0,0
BRDA:123,6,1,0
BRDA:123,7,0,0
BRDA:123,7,1,0
BRDA:128,8,0,0
BRDA:128,8,1,0
BRDA:128,9,0,0
BRDA:128,9,1,0
BRDA:130,10,0,0
BRDA:130,10,1,0
BRDA:130,11,0,0
BRDA:130,11,1,0
BRF:23
BRH:0
end_of_record
TN:
SF:routes\admin\reservaAdminRoutes.js
FNF:0
FNH:0
DA:2,1
DA:3,1
DA:4,1
DA:6,1
DA:9,1
DA:12,1
DA:13,1
DA:16,1
DA:17,1
DA:18,1
DA:19,1
DA:20,1
DA:21,1
DA:23,1
LF:14
LH:14
BRF:0
BRH:0
end_of_record
TN:
SF:routes\admin\utilizadorRoutes.js
FNF:0
FNH:0
DA:2,1
DA:3,1
DA:4,1
DA:5,1
DA:7,1
DA:9,1
DA:10,1
DA:12,1
DA:13,1
DA:14,1
DA:15,1
DA:16,1
DA:18,1
LF:13
LH:13
BRF:0
BRH:0
end_of_record
TN:
SF:routes\auth\2faRoutes.js
FNF:0
FNH:0
DA:1,1
DA:2,1
DA:3,1
DA:4,1
DA:7,1
DA:10,1
DA:13,1
DA:16,1
DA:19,1
DA:22,1
DA:25,1
DA:27,1
LF:12
LH:12
BRF:0
BRH:0
end_of_record
TN:
SF:services\auditService.js
FN:9,(anonymous_0)
FN:14,(anonymous_1)
FN:18,(anonymous_2)
FN:46,(anonymous_3)
FN:54,(anonymous_4)
FN:85,(anonymous_5)
FN:153,(anonymous_6)
FN:168,(anonymous_7)
FN:183,(anonymous_8)
FNF:9
FNH:3
FNDA:1,(anonymous_0)
FNDA:0,(anonymous_1)
FNDA:2,(anonymous_2)
FNDA:0,(anonymous_3)
FNDA:0,(anonymous_4)
FNDA:0,(anonymous_5)
FNDA:0,(anonymous_6)
FNDA:2,(anonymous_7)
FNDA:0,(anonymous_8)
DA:5,1
DA:6,1
DA:10,1
DA:11,1
DA:14,1
DA:19,2
DA:35,2
DA:38,2
DA:39,0
DA:42,2
DA:47,0
DA:49,0
DA:50,0
DA:51,0
DA:53,0
DA:54,0
DA:55,0
DA:69,0
DA:76,0
DA:78,0
DA:80,0
DA:86,0
DA:87,0
DA:88,0
DA:90,0
DA:91,0
DA:92,0
DA:95,0
DA:96,0
DA:97,0
DA:100,0
DA:101,0
DA:102,0
DA:105,0
DA:106,0
DA:107,0
DA:110,0
DA:111,0
DA:112,0
DA:115,0
DA:116,0
DA:117,0
DA:120,0
DA:124,0
DA:125,0
DA:127,0
DA:134,0
DA:136,0
DA:139,0
DA:142,0
DA:144,0
DA:154,0
DA:155,0
DA:157,0
DA:163,0
DA:164,0
DA:169,2
DA:171,2
DA:173,2
DA:174,10
DA:175,0
DA:179,2
DA:184,0
DA:197,1
LF:64
LH:15
BRDA:20,0,0,2
BRDA:20,0,1,1
BRDA:21,1,0,2
BRDA:21,1,1,1
BRDA:22,2,0,2
BRDA:22,2,1,1
BRDA:25,3,0,2
BRDA:25,3,1,2
BRDA:26,4,0,2
BRDA:26,4,1,0
BRDA:27,5,0,2
BRDA:27,5,1,2
BRDA:28,6,0,2
BRDA:28,6,1,1
BRDA:29,7,0,2
BRDA:29,7,1,0
BRDA:30,8,0,2
BRDA:30,8,1,1
BRDA:38,9,0,0
BRDA:38,9,1,2
BRDA:47,10,0,0
BRDA:47,10,1,0
BRDA:47,11,0,0
BRDA:47,11,1,0
BRDA:55,12,0,0
BRDA:55,12,1,0
BRDA:56,13,0,0
BRDA:56,13,1,0
BRDA:57,14,0,0
BRDA:57,14,1,0
BRDA:60,15,0,0
BRDA:60,15,1,0
BRDA:61,16,0,0
BRDA:61,16,1,0
BRDA:62,17,0,0
BRDA:62,17,1,0
BRDA:85,18,0,0
BRDA:90,19,0,0
BRDA:90,19,1,0
BRDA:95,20,0,0
BRDA:95,20,1,0
BRDA:100,21,0,0
BRDA:100,21,1,0
BRDA:105,22,0,0
BRDA:105,22,1,0
BRDA:110,23,0,0
BRDA:110,23,1,0
BRDA:115,24,0,0
BRDA:115,24,1,0
BRDA:120,25,0,0
BRDA:120,25,1,0
BRDA:124,26,0,0
BRDA:124,26,1,0
BRDA:125,27,0,0
BRDA:125,27,1,0
BRDA:169,28,0,0
BRDA:169,28,1,2
BRDA:169,29,0,2
BRDA:169,29,1,2
BRDA:174,30,0,0
BRDA:174,30,1,10
BRDA:183,31,0,0
BRDA:183,32,0,0
BRF:63
BRH:21
end_of_record
TN:
SF:services\exportacaoService.js
FN:8,(anonymous_0)
FN:20,(anonymous_1)
FN:80,(anonymous_2)
FN:91,(anonymous_3)
FNF:4
FNH:1
FNDA:1,(anonymous_0)
FNDA:0,(anonymous_1)
FNDA:0,(anonymous_2)
FNDA:0,(anonymous_3)
DA:2,1
DA:3,1
DA:4,1
DA:5,1
DA:9,1
DA:21,0
DA:22,0
DA:53,0
DA:54,0
DA:57,0
DA:64,0
DA:66,0
DA:68,0
DA:76,0
DA:81,0
DA:82,0
DA:88,0
DA:92,0
DA:93,0
DA:98,0
DA:99,0
DA:103,1
LF:22
LH:6
BRDA:10,0,0,1
BRDA:10,0,1,1
BRDA:11,1,0,1
BRDA:11,1,1,1
BRDA:47,2,0,0
BRDA:47,2,1,0
BRDA:91,3,0,0
BRF:7
BRH:4
end_of_record
TN:
SF:services\reconciliacaoService.js
FN:5,(anonymous_0)
FN:95,(anonymous_1)
FNF:2
FNH:0
FNDA:0,(anonymous_0)
FNDA:0,(anonymous_1)
DA:2,1
DA:6,0
DA:8,0
DA:9,0
DA:11,0
DA:14,0
DA:34,0
DA:36,0
DA:43,0
DA:44,0
DA:47,0
DA:58,0
DA:65,0
DA:66,0
DA:72,0
DA:75,0
DA:76,0
DA:80,0
DA:82,0
DA:84,0
DA:87,0
DA:88,0
DA:89,0
DA:91,0
DA:96,0
DA:106,0
DA:110,1
LF:27
LH:2
BRDA:5,0,0,0
BRF:1
BRH:0
end_of_record
TN:
SF:services\relatorioService.js
FN:5,(anonymous_0)
FN:9,(anonymous_1)
FN:61,(anonymous_2)
FN:67,(anonymous_3)
FN:68,(anonymous_4)
FN:69,(anonymous_5)
FN:70,(anonymous_6)
FN:98,(anonymous_7)
FN:104,(anonymous_8)
FN:118,(anonymous_9)
FN:130,(anonymous_10)
FN:153,(anonymous_11)
FN:166,(anonymous_12)
FN:168,(anonymous_13)
FN:169,(anonymous_14)
FNF:15
FNH:1
FNDA:1,(anonymous_0)
FNDA:0,(anonymous_1)
FNDA:0,(anonymous_2)
FNDA:0,(anonymous_3)
FNDA:0,(anonymous_4)
FNDA:0,(anonymous_5)
FNDA:0,(anonymous_6)
FNDA:0,(anonymous_7)
FNDA:0,(anonymous_8)
FNDA:0,(anonymous_9)
FNDA:0,(anonymous_10)
FNDA:0,(anonymous_11)
FNDA:0,(anonymous_12)
FNDA:0,(anonymous_13)
FNDA:0,(anonymous_14)
DA:2,1
DA:6,1
DA:10,0
DA:11,0
DA:12,0
DA:14,0
DA:26,0
DA:27,0
DA:28,0
DA:30,0
DA:31,0
DA:32,0
DA:34,0
DA:35,0
DA:36,0
DA:38,0
DA:39,0
DA:40,0
DA:43,0
DA:44,0
DA:47,0
DA:48,0
DA:49,0
DA:50,0
DA:51,0
DA:52,0
DA:53,0
DA:54,0
DA:57,0
DA:58,0
DA:62,0
DA:67,0
DA:68,0
DA:69,0
DA:70,0
DA:71,0
DA:72,0
DA:74,0
DA:75,0
DA:76,0
DA:78,0
DA:99,0
DA:101,0
DA:102,0
DA:104,0
DA:105,0
DA:106,0
DA:107,0
DA:108,0
DA:109,0
DA:110,0
DA:113,0
DA:114,0
DA:116,0
DA:117,0
DA:118,0
DA:119,0
DA:120,0
DA:121,0
DA:122,0
DA:123,0
DA:125,0
DA:127,0
DA:131,0
DA:135,0
DA:136,0
DA:139,0
DA:140,0
DA:141,0
DA:143,0
DA:144,0
DA:145,0
DA:146,0
DA:153,0
DA:159,0
DA:167,0
DA:168,0
DA:169,0
DA:170,0
DA:172,0
DA:173,0
DA:174,0
DA:176,0
DA:183,0
DA:192,1
LF:85
LH:3
BRDA:9,0,0,0
BRDA:26,1,0,0
BRDA:26,1,1,0
BRDA:30,2,0,0
BRDA:30,2,1,0
BRDA:34,3,0,0
BRDA:34,3,1,0
BRDA:34,4,0,0
BRDA:34,4,1,0
BRDA:38,5,0,0
BRDA:38,5,1,0
BRDA:38,6,0,0
BRDA:38,6,1,0
BRDA:43,7,0,0
BRDA:43,7,1,0
BRDA:47,8,0,0
BRDA:47,8,1,0
BRDA:49,9,0,0
BRDA:49,9,1,0
BRDA:51,10,0,0
BRDA:51,10,1,0
BRDA:53,11,0,0
BRDA:53,11,1,0
BRDA:71,12,0,0
BRDA:71,12,1,0
BRDA:72,13,0,0
BRDA:72,13,1,0
BRDA:74,14,0,0
BRDA:74,14,1,0
BRDA:76,15,0,0
BRDA:76,15,1,0
BRDA:93,16,0,0
BRDA:93,16,1,0
BRDA:99,17,0,0
BRDA:99,17,1,0
BRDA:125,18,0,0
BRDA:125,18,1,0
BRDA:130,19,0,0
BRDA:135,20,0,0
BRDA:135,20,1,0
BRDA:170,21,0,0
BRDA:170,21,1,0
BRF:42
BRH:0
end_of_record
TN:
SF:services\twoFactorService.js
FN:5,(anonymous_0)
FN:9,(anonymous_1)
FN:22,(anonymous_2)
FN:33,(anonymous_3)
FN:42,(anonymous_4)
FN:43,(anonymous_5)
FN:48,(anonymous_6)
FN:50,(anonymous_7)
FNF:8
FNH:1
FNDA:1,(anonymous_0)
FNDA:0,(anonymous_1)
FNDA:0,(anonymous_2)
FNDA:0,(anonymous_3)
FNDA:0,(anonymous_4)
FNDA:0,(anonymous_5)
FNDA:0,(anonymous_6)
FNDA:0,(anonymous_7)
DA:1,1
DA:2,1
DA:6,1
DA:10,0
DA:16,0
DA:23,0
DA:25,0
DA:34,0
DA:35,0
DA:36,0
DA:37,0
DA:39,0
DA:43,0
DA:44,0
DA:49,0
DA:50,0
DA:51,0
DA:55,1
LF:18
LH:4
BRDA:23,0,0,0
BRDA:23,0,1,0
BRDA:23,1,0,0
BRDA:23,1,1,0
BRDA:33,2,0,0
BRDA:51,3,0,0
BRDA:51,3,1,0
BRF:7
BRH:0
end_of_record
TN:
SF:services\wafService.js
FN:5,(anonymous_0)
FN:10,(anonymous_1)
FN:21,(anonymous_2)
FN:82,(anonymous_3)
FN:116,(anonymous_4)
FN:120,(anonymous_5)
FNF:6
FNH:2
FNDA:1,(anonymous_0)
FNDA:1,(anonymous_1)
FNDA:0,(anonymous_2)
FNDA:0,(anonymous_3)
FNDA:0,(anonymous_4)
FNDA:0,(anonymous_5)
DA:1,1
DA:2,1
DA:6,1
DA:7,1
DA:11,1
DA:12,1
DA:13,1
DA:14,1
DA:16,0
DA:17,0
DA:22,0
DA:29,0
DA:30,0
DA:31,0
DA:32,0
DA:33,0
DA:34,0
DA:38,0
DA:39,0
DA:40,0
DA:41,0
DA:42,0
DA:43,0
DA:44,0
DA:45,0
DA:52,0
DA:53,0
DA:54,0
DA:55,0
DA:56,0
DA:57,0
DA:58,0
DA:63,0
DA:64,0
DA:65,0
DA:66,0
DA:67,0
DA:68,0
DA:71,0
DA:72,0
DA:73,0
DA:74,0
DA:75,0
DA:76,0
DA:79,0
DA:83,0
DA:89,0
DA:91,0
DA:93,0
DA:94,0
DA:96,0
DA:97,0
DA:98,0
DA:99,0
DA:100,0
DA:101,0
DA:102,0
DA:103,0
DA:104,0
DA:105,0
DA:113,0
DA:117,0
DA:121,0
DA:122,0
DA:124,0
DA:125,0
DA:127,0
DA:131,1
LF:68
LH:9
BRDA:29,0,0,0
BRDA:29,0,1,0
BRDA:31,1,0,0
BRDA:31,1,1,0
BRDA:38,2,0,0
BRDA:38,2,1,0
BRDA:38,3,0,0
BRDA:38,3,1,0
BRDA:40,4,0,0
BRDA:40,4,1,0
BRDA:42,5,0,0
BRDA:42,5,1,0
BRDA:52,6,0,0
BRDA:52,6,1,0
BRDA:52,7,0,0
BRDA:52,7,1,0
BRDA:55,8,0,0
BRDA:55,8,1,0
BRDA:63,9,0,0
BRDA:63,9,1,0
BRDA:65,10,0,0
BRDA:65,10,1,0
BRDA:71,11,0,0
BRDA:71,11,1,0
BRDA:73,12,0,0
BRDA:73,12,1,0
BRDA:89,13,0,0
BRDA:89,13,1,0
BRDA:89,14,0,0
BRDA:89,14,1,0
BRDA:94,15,0,0
BRDA:94,15,1,0
BRDA:99,16,0,0
BRDA:99,16,1,0
BRDA:124,17,0,0
BRDA:124,17,1,0
BRDA:125,18,0,0
BRDA:125,18,1,0
BRF:38
BRH:0
end_of_record
